[www.ridgebotics.com/index.html]
[static.parastorage.com/client/pfavico.ico]
[static.parastorage.com/unpkg/core-js-bundle@3.2.1/minified.js]
[static.parastorage.com/unpkg/focus-within-polyfill@5.0.9/dist/focus-within-polyfill.js]
[polyfill.io/v3/polyfill.mind82c.js]
[browser.sentry-cdn.com/6.18.2/bundle.min.js]
[www.ridgebotics.com/decodeURIComponent(e]
[backblue.gif]
[fade.gif]
[index.html]
[www.ridgebotics.com/sitemap.xml]
[www.ridgebotics.com/feed.xml]
[static.parastorage.com/services/wix-thunderbolt/dist/ab-test-compilation/thunderbolt-commons.3abcee26.bundle.min.js]
[static.parastorage.com/services/wix-thunderbolt/dist/ab-test-compilation/main.215e4927.bundle.min.js]
[static.parastorage.com/unpkg/lodash@4.17.21/lodash.min.js]
[static.parastorage.com/unpkg/react@16.14.0/umd/react.production.min.js]
[static.parastorage.com/services/tag-manager-client/1.705.0/siteTags.bundle.min.js]
[static.parastorage.com/services/wix-perf-measure/1.1051.0/wix-perf-measure.umd.min.js]
[static.parastorage.com/unpkg/react-dom@16.14.0/umd/react-dom.production.min.js]
[www.ridgebotics.com/upcoming-events.html]
[www.ridgebotics.com/ourteam.html]
[www.ridgebotics.com/robots.html]
[www.ridgebotics.com/leadership.html]
[www.ridgebotics.com/gallery.html]
[www.ridgebotics.com/copy-of-2022-rapid-react.html]
[www.ridgebotics.com/copy-of-2021-infinite-recharge-at-home.html]
[www.ridgebotics.com/2020-infinte-recharge.html]
[www.ridgebotics.com/copy-of-2020-infinte-recharge.html]
[www.ridgebotics.com/2019-deep-space.html]
[www.ridgebotics.com/2018powerup.html]
[www.ridgebotics.com/2016stronghold.html]
[www.ridgebotics.com/2017steamworks.html]
[www.ridgebotics.com/2015recyclerush.html]
[www.ridgebotics.com/2014aerialassist.html]
[www.ridgebotics.com/2012reboundrumble.html]
[www.ridgebotics.com/2013-ultimate-ascent.html]
[www.ridgebotics.com/activity-log.html]
[www.ridgebotics.com/competitionvideos.html]
[www.ridgebotics.com/calendar.html]
[www.ridgebotics.com/sponsors.html]
[www.ridgebotics.com/board.html]
[www.ridgebotics.com/contactus.html]
[static.wixstatic.com/media/af7c14_c327863827cc47fcb06085c87b2875cd.png/v1/fill/w_130,h_130,al_c,q_85,usm_0.66_1.00_0.01,enc_auto/af7c14_c327863827cc47fcb06085c87b2875cd.png]
[static.wixstatic.com/media/af7c14_f4709061ce5946af8cd4f1b8339184bf_mv2.png/v1/fill/w_199,h_175,al_c,q_85,usm_0.66_1.00_0.01,enc_auto/af7c14_f4709061ce5946af8cd4f1b8339184bf_mv2.png]
[static.wixstatic.com/media/af7c14_b962f06bd71e4924ada44f0e8453bab5_mv2.jpg/v1/fill/w_124,h_93,al_c,q_80,usm_0.66_1.00_0.01,blur_2,enc_auto/af7c14_b962f06bd71e4924ada44f0e8453bab5_mv2.jpg]
[static.wixstatic.com/media/af7c14_c4c17dc93cdf4cc09c5973649e107ffa_mv2.png/v1/fill/w_218,h_40,al_c,q_85,usm_0.66_1.00_0.01,enc_auto/muller_logo_col_rz_190816_edited.png]
[static.wixstatic.com/media/af7c14_f33d3d357d9d4bbfa024a86607cb6008_mv2.jpg/v1/crop/x_0,y_205,w_3000,h_1301/fill/w_286,h_124,al_c,q_80,usm_0.66_1.00_0.01,enc_auto/TeamPic2020_edited.jpg]
[static.wixstatic.com/media/af7c14_089b64b24d614bcf83227550aced7a13_mv2.jpg/v1/fill/w_179,h_135,al_c,q_80,usm_0.66_1.00_0.01,enc_auto/af7c14_089b64b24d614bcf83227550aced7a13_mv2.jpg]
[static.wixstatic.com/media/af7c14_42e4527cbce14538802421bf41e74c01.jpg/v1/fill/w_80,h_72,al_c,q_80,usm_0.66_1.00_0.01,blur_3,enc_auto/af7c14_42e4527cbce14538802421bf41e74c01.jpg]
[static.wixstatic.com/media/af7c14_fb4a95050a4f47ac8f339190fbf9c50f.jpg/v1/fill/w_69,h_69,al_c,q_80,usm_0.66_1.00_0.01,blur_3,enc_auto/af7c14_fb4a95050a4f47ac8f339190fbf9c50f.jpg]
[static.wixstatic.com/media/af7c14_c9842d06a6b045328d033576b51c362c.png/v1/fill/w_81,h_79,al_c,q_85,usm_0.66_1.00_0.01,blur_3,enc_auto/af7c14_c9842d06a6b045328d033576b51c362c.png]
[www.ridgebotics.com/index.html]
[www.ridgebotics.com/decodeURIComponent(e.html]
[static.parastorage.com/services/wix-thunderbolt/dist/thunderbolt-commons.62201884.bundle.min.js]
[static.parastorage.com/services/wix-thunderbolt/dist/main.239f06e5.bundle.min.js]
[static.wixstatic.com/media/af7c14_6c4de80de28a4438a8a9cb52fe660ac9_mv2.png/v1/fill/w_466,h_301,al_c,q_85,usm_0.66_1.00_0.01,enc_auto/ROBOOSFX_upscaled_illustration_x4.png]
[static.wixstatic.com/media/af7c14_3cf7cf473b2e4499aa8567f15db19e13_mv2.png/v1/fill/w_588,h_80,al_c,lg_1,q_85,enc_auto/Untitled-1.png]
[www.ridgebotics.com/upcoming-events.html]
[static.parastorage.com/services/wix-thunderbolt/dist/ab-test-compilation/thunderbolt-commons.62201884.bundle.min.js]
[static.parastorage.com/services/wix-thunderbolt/dist/ab-test-compilation/main.0ea1ca3c.bundle.min.js]
[static.parastorage.com/services/wix-code-platform/1.1097.93/elementory-browser-support.min.js]
[static.wixstatic.com/media/af7c14_f33d3d357d9d4bbfa024a86607cb6008_mv2.jpg/v1/fill/w_626,h_292,al_c,q_80,usm_0.66_1.00_0.01,enc_auto/TeamPic2020_edited.jpg]
[static.wixstatic.com/media/af7c14_61e66c9890d74d6f9b736a21cbc342ed_mv2.jpg/v1/fill/w_305,h_171,al_c,q_80,usm_0.66_1.00_0.01,enc_auto/af7c14_61e66c9890d74d6f9b736a21cbc342ed_mv2.jpg]
[static.wixstatic.com/media/af7c14_a5750200dbc14a8ca22cfe508193d505_mv2.jpg/v1/crop/x_339,y_0,w_3245,h_2615/fill/w_273,h_220,al_c,q_80,usm_0.66_1.00_0.01,enc_auto/DSC_00008.jpg]
[www.ridgebotics.com/ourteam.html]
[static.wixstatic.com/media/af7c14_701d0a54c3e8445185f7739b1c515798_mv2.jpg/v1/fill/w_409,h_273,al_c,q_80,usm_0.66_1.00_0.01,enc_auto/af7c14_701d0a54c3e8445185f7739b1c515798_mv2.jpg]
[static.wixstatic.com/media/af7c14_61e66c9890d74d6f9b736a21cbc342ed_mv2.jpg/v1/fill/w_516,h_290,al_c,q_80,usm_0.66_1.00_0.01,enc_auto/af7c14_61e66c9890d74d6f9b736a21cbc342ed_mv2.jpg]
[static.wixstatic.com/media/af7c14_23228033be314f6fa83c06b75a28b035_mv2.jpg/v1/fill/w_203,h_268,al_c,q_80,usm_0.66_1.00_0.01,enc_auto/IMG_0570_JPG.jpg]
[static.wixstatic.com/media/af7c14_52a774b526e944fb92c461fd1442f073_mv2_d_3024_4032_s_4_2.jpg/v1/crop/x_0,y_983,w_3024,h_3024/fill/w_75,h_75,al_c,q_80,usm_0.66_1.00_0.01,blur_2,enc_auto/IMG_2882_JPG.jpg]
[static.wixstatic.com/media/af7c14_6ac53e2ad45b47a08f40303dc1de6fcb_mv2_d_3024_4032_s_4_2.jpg/v1/crop/x_287,y_726,w_2339,h_2339/fill/w_76,h_76,al_c,q_80,usm_0.66_1.00_0.01,blur_2,enc_auto/IMG_2539_JPG.jpg]
[static.wixstatic.com/media/af7c14_8d8b8e7b3647442db40c2b5e2c6d4843_mv2_d_3024_4032_s_4_2.jpg/v1/crop/x_156,y_534,w_2696,h_2656/fill/w_76,h_75,al_c,q_80,usm_0.66_1.00_0.01,blur_2,enc_auto/IMG_2893_JPG.jpg]
[static.wixstatic.com/media/af7c14_ee7610d7021942269dd7fec37dd29575_mv2_d_3024_4032_s_4_2.jpg/v1/fill/w_50,h_67,al_c,q_80,usm_0.66_1.00_0.01,blur_2,enc_auto/IMG_2533_JPG.jpg]
[static.wixstatic.com/media/af7c14_9843209f633043928992ad24b659a113_mv2_d_6/v1/fill/w_76,h_43,al_c,q_80,usm_0.66_1.00_0.01,blur_2,e/af7c14_9843209f633043928992ad24b659a113_mv2_d_6000_3376_s_4_2.jpg]
[static.wixstatic.com/media/af7c14_34251196485f4c51a6e99d45101983fb_mv2_d_6/v1/fill/w_76,h_43,al_c,q_80,usm_0.66_1.00_0.01,blur_2,e/af7c14_34251196485f4c51a6e99d45101983fb_mv2_d_6000_3376_s_4_2.jpg]
[static.wixstatic.com/media/af7c14_19145950458546aa905d6d096036ca15.jpg/v1/crop/x_136,y_0,w_708,h_579/fill/w_73,h_60,al_c,q_80,usm_0.66_1.00_0.01,blur_2,enc_auto/af7c14_19145950458546aa905d6d096036ca15.jpg]
[static.wixstatic.com/media/af7c14_af4b37f8bc2a43198c8c4c1aab92ae35.jpg/v1/crop/x_381,y_327,w_497,h_847/fill/w_146,h_249,al_c,q_80,usm_0.66_1.00_0.01,blur_3/af7c14_af4b37f8bc2a43198c8c4c1aab92ae35.jpg]
[static.wixstatic.com/media/af7c14_6aee261cf79549d28379191ad8a21793_mv2_d_6/v1/fill/w_94,h_62,al_c,q_80,usm_0.66_1.00_0.01,blur_2,e/af7c14_6aee261cf79549d28379191ad8a21793_mv2_d_6000_4000_s_4_2.jpg]
[static.wixstatic.com/media/af7c14_796cff394f9146c98250294780e56653.jpg/v1/crop/x_0,y_0,w_630,h_640/fill/w_66,h_67,al_c,q_80,usm_0.66_1.00_0.01,blur_2,enc_auto/af7c14_796cff394f9146c98250294780e56653.jpg]
[static.wixstatic.com/media/af7c14_71174271dc24435cb50d11da6ff96eef_mv2_d_2/v1/fill/w_81,h_61,al_c,q_80,usm_0.66_1.00_0.01,blur_2,e/af7c14_71174271dc24435cb50d11da6ff96eef_mv2_d_2592_1936_s_2.jpg]
[static.wixstatic.com/media/af7c14_639860b0eb64485c908b4346b678f762.jpg/v1/fill/w_111,h_74,al_c,q_80,usm_0.66_1.00_0.01,blur_2,enc_auto/af7c14_639860b0eb64485c908b4346b678f762.jpg]
[static.wixstatic.com/media/af7c14_ad06bb8e56d147278139e72cf48706c8.png/v1/fill/w_70,h_70,al_c,q_85,usm_0.66_1.00_0.01,blur_2,enc_auto/af7c14_ad06bb8e56d147278139e72cf48706c8.png]
[www.ridgebotics.com/robots.html]
[static.wixstatic.com/media/af7c14_ad4dc08bf56c435a9252e406cc2590cc_mv2.jpg/v1/fill/w_127,h_190,al_c,q_80,usm_0.66_1.00_0.01,enc_auto/IMG_5426.jpg]
[static.wixstatic.com/media/af7c14_adcabf5765e5454a9e000bd70a2d56d3_mv2.jpg/v1/fill/w_127,h_190,al_c,q_80,usm_0.66_1.00_0.01,enc_auto/blank profile photo_jfif.jpg]
[static.wixstatic.com/media/af7c14_fafb20a641894b39ae87482dbd6966a5_mv2.jpg/v1/fill/w_127,h_190,al_c,q_80,usm_0.66_1.00_0.01,enc_auto/IMG_5430.jpg]
[static.wixstatic.com/media/af7c14_b8f6d7f284bb46faa559743ad7ae0372_mv2.jpg/v1/fill/w_127,h_190,al_c,q_80,usm_0.66_1.00_0.01,enc_auto/IMG_5393_JPG.jpg]
[static.wixstatic.com/media/af7c14_d399dbd6a5a24ff3820156bb4c32f891_mv2.jpg/v1/fill/w_127,h_190,al_c,q_80,usm_0.66_1.00_0.01,enc_auto/IMG_5394_JPG.jpg]
[static.wixstatic.com/media/af7c14_ed292b06a19b48a3a6458490e5762b57_mv2.jpg/v1/crop/x_167,y_476,w_962,h_1436/fill/w_127,h_190,al_c,q_80,usm_0.66_1.00_0.01,enc_auto/IMG_5435_JPG.jpg]
[static.wixstatic.com/media/af7c14_a86e9d59c30f417fa7534705d84a1203_mv2.jpg/v1/fill/w_127,h_190,al_c,q_80,usm_0.66_1.00_0.01,enc_auto/af7c14_a86e9d59c30f417fa7534705d84a1203_mv2.jpg]
[www.ridgebotics.com/leadership.html]
[static.wixstatic.com/media/af7c14_293af94d39e244d6a0b4050119280b45_mv2.png/v1/fill/w_135,h_135,al_c,q_85,usm_0.66_1.00_0.01,enc_auto/af7c14_293af94d39e244d6a0b4050119280b45_mv2.png]
[static.wixstatic.com/media/af7c14_370e04c11d074ee080d4d4ac262842a2_mv2.png/v1/fill/w_133,h_135,al_c,q_85,usm_0.66_1.00_0.01,enc_auto/ok.png]
[static.wixstatic.com/media/af7c14_401fd4191b8741989933631c4fbebbdf_mv2.png/v1/fill/w_133,h_135,al_c,q_85,usm_0.66_1.00_0.01,enc_auto/af7c14_401fd4191b8741989933631c4fbebbdf_mv2.png]
[static.wixstatic.com/media/af7c14_eed758cfd11d4d89b6d1f3c37ac44832.png/v1/fill/w_134,h_135,al_c,q_85,usm_0.66_1.00_0.01,enc_auto/af7c14_eed758cfd11d4d89b6d1f3c37ac44832.png]
[static.wixstatic.com/media/af7c14_502df6f45913409bbde5a9b6ce8cf063.jpg/v1/fill/w_134,h_135,al_c,q_80,usm_0.66_1.00_0.01,enc_auto/af7c14_502df6f45913409bbde5a9b6ce8cf063.jpg]
[static.wixstatic.com/media/af7c14_841a74859b424f0b9dbe884a8970ee7f.png/v1/fill/w_134,h_135,al_c,q_85,usm_0.66_1.00_0.01,enc_auto/af7c14_841a74859b424f0b9dbe884a8970ee7f.png]
[static.wixstatic.com/media/af7c14_e77e7b0662c64eaba29789db41db780f_mv2.jpg/v1/fill/w_135,h_135,al_c,q_80,usm_0.66_1.00_0.01,enc_auto/af7c14_e77e7b0662c64eaba29789db41db780f_mv2.jpg]
[static.wixstatic.com/media/af7c14_ecd9ad061e334b53a871370496510911_mv2.png/v1/fill/w_133,h_135,al_c,q_85,usm_0.66_1.00_0.01,enc_auto/deep space.png]
[static.wixstatic.com/media/af7c14_adaabf839d4f495f9e3da3ddc6a7eacd_mv2.jpg/v1/fill/w_135,h_135,al_c,q_80,usm_0.66_1.00_0.01,enc_auto/af7c14_adaabf839d4f495f9e3da3ddc6a7eacd_mv2.jpg]
[static.wixstatic.com/media/af7c14_f78b05a70d3e44dcbde81d77c17c2b73.jpg/v1/fill/w_134,h_135,al_c,q_80,usm_0.66_1.00_0.01,enc_auto/af7c14_f78b05a70d3e44dcbde81d77c17c2b73.jpg]
[static.wixstatic.com/media/af7c14_8e8552755f71430b8db83c46eaa945f9.jpg/v1/fill/w_134,h_135,al_c,q_80,usm_0.66_1.00_0.01,enc_auto/af7c14_8e8552755f71430b8db83c46eaa945f9.jpg]
[static.wixstatic.com/media/af7c14_fb54394181ee40548e5177906f692170_mv2.png/v1/fill/w_134,h_135,al_c,q_85,usm_0.66_1.00_0.01,enc_auto/af7c14_fb54394181ee40548e5177906f692170_mv2.png]
[www.ridgebotics.com/gallery.html]
[static.wixstatic.com/media/af7c14_935403234875438dab12c635de8a631f_mv2.jpg/v1/fill/w_600,h_400,al_c,q_80,usm_0.66_1.00_0.01,enc_auto/IMG_5419_JPG.jpg]
[static.wixstatic.com/media/af7c14_84561fe7fa86486d85c1e57b8a9f4e54_mv2.jpg/v1/fill/w_600,h_400,al_c,q_80,usm_0.66_1.00_0.01,enc_auto/IMG_5410.jpg]
[static.wixstatic.com/media/af7c14_c396e83ce5664d7eaed7f99799ff0509_mv2.jpg/v1/fill/w_600,h_400,al_c,q_80,usm_0.66_1.00_0.01,enc_auto/IMG_5312.jpg]
[static.wixstatic.com/media/af7c14_d58d1263461a45dba543e0b9a8ac758d_mv2.jpg/v1/fill/w_600,h_400,al_c,q_80,usm_0.66_1.00_0.01,enc_auto/IMG_5291.jpg]
[www.ridgebotics.com/copy-of-2022-rapid-react.html]
[static.wixstatic.com/media/af7c14_f963f90989ff473ca8847ccf0ce4eda9_mv2.jpg/v1/fill/w_600,h_400,al_c,q_80,usm_0.66_1.00_0.01,enc_auto/af7c14_f963f90989ff473ca8847ccf0ce4eda9_mv2.jpg]
[static.wixstatic.com/media/af7c14_6f38caa8d9df4213bd5535df433ff92b_mv2.jpg/v1/fill/w_600,h_400,al_c,q_80,usm_0.66_1.00_0.01,enc_auto/af7c14_6f38caa8d9df4213bd5535df433ff92b_mv2.jpg]
[static.wixstatic.com/media/af7c14_be64c937c85a44e2a76a800bb02b67a0_mv2.jpg/v1/fill/w_400,h_600,al_c,q_80,usm_0.66_1.00_0.01,enc_auto/af7c14_be64c937c85a44e2a76a800bb02b67a0_mv2.jpg]
[static.wixstatic.com/media/af7c14_850ef7e90038452db99327997cc3deab_mv2.jpg/v1/fill/w_400,h_600,al_c,q_80,usm_0.66_1.00_0.01,enc_auto/af7c14_850ef7e90038452db99327997cc3deab_mv2.jpg]
[static.wixstatic.com/media/af7c14_c0417272420d4f2d99a3cdeba6d113d5_mv2.jpg/v1/fill/w_400,h_600,al_c,q_80,usm_0.66_1.00_0.01,enc_auto/af7c14_c0417272420d4f2d99a3cdeba6d113d5_mv2.jpg]
[static.wixstatic.com/media/af7c14_b37380cca67a484f9307835132f26329_mv2.jpg/v1/fill/w_108,h_72,al_c,q_80,usm_0.66_1.00_0.01,blur_2,enc_auto/af7c14_b37380cca67a484f9307835132f26329_mv2.jpg]
[static.wixstatic.com/media/af7c14_cc4e4c4387f844fbad01cff5a62b8b79_mv2.jpg/v1/fill/w_108,h_72,al_c,q_80,usm_0.66_1.00_0.01,blur_2,enc_auto/af7c14_cc4e4c4387f844fbad01cff5a62b8b79_mv2.jpg]
[www.ridgebotics.com/copy-of-2021-infinite-recharge-at-home.html]
[static.wixstatic.com/media/af7c14_f5a28ef962044df19a87415e70686eac_mv2.jpg/v1/fill/w_600,h_400,al_c,q_80,usm_0.66_1.00_0.01,enc_auto/DSC00851.jpg]
[static.wixstatic.com/media/af7c14_0f55d9b7d3344bb8bd6767a50e5579d1_mv2.jpg/v1/fill/w_600,h_400,al_c,q_80,usm_0.66_1.00_0.01,enc_auto/af7c14_0f55d9b7d3344bb8bd6767a50e5579d1_mv2.jpg]
[static.wixstatic.com/media/af7c14_617ba40fc96742608ab1857f2f986c3c_mv2.jpg/v1/fill/w_284,h_426,al_c,q_80,usm_0.66_1.00_0.01,enc_auto/af7c14_617ba40fc96742608ab1857f2f986c3c_mv2.jpg]
[static.wixstatic.com/media/af7c14_ebab19ebc4c94a8e8cee26f05b574ae0_mv2.jpg/v1/fill/w_640,h_426,al_c,q_80,usm_0.66_1.00_0.01,enc_auto/af7c14_ebab19ebc4c94a8e8cee26f05b574ae0_mv2.jpg]
[static.wixstatic.com/media/af7c14_7ce69d7b95af49fd8fdb2cea5f21dea8_mv2.jpg/v1/fill/w_284,h_426,al_c,q_80,usm_0.66_1.00_0.01,enc_auto/af7c14_7ce69d7b95af49fd8fdb2cea5f21dea8_mv2.jpg]
[www.ridgebotics.com/copy-of-2020-infinte-recharge.html]
[static.wixstatic.com/media/af7c14_35760280d6be438f878a5ac593968fee_mv2.jpg/v1/fill/w_600,h_335,al_c,q_80,usm_0.66_1.00_0.01,enc_auto/DSC01829_JPG.jpg]
[static.wixstatic.com/media/af7c14_332d82f5005c472fbd9fbeb1f74c8e6f_mv2.jpg/v1/fill/w_396,h_264,al_c,q_80,usm_0.66_1.00_0.01,enc_auto/DSC02843_JPG.jpg]
[static.wixstatic.com/media/af7c14_ffcd9915a70c4a5c927ce60d1a7f5add_mv2.jpg/v1/fill/w_396,h_221,al_c,q_80,usm_0.66_1.00_0.01,enc_auto/af7c14_ffcd9915a70c4a5c927ce60d1a7f5add_mv2.jpg]
[static.wixstatic.com/media/af7c14_7a0e6dc476004d74a125938a22ef149c_mv2.jpg/v1/fill/w_287,h_191,al_c,q_80,usm_0.66_1.00_0.01,enc_auto/DSC03006_JPG.jpg]
[static.wixstatic.com/media/af7c14_99c2834bb4704bbcaca9fe12c1463951_mv2.jpg/v1/fill/w_315,h_175,al_c,q_80,usm_0.66_1.00_0.01,enc_auto/DSC08228_JPG.jpg]
[static.wixstatic.com/media/af7c14_0292e68093194803acec5a53df216b80_mv2.jpg/v1/fill/w_396,h_223,al_c,q_80,usm_0.66_1.00_0.01,enc_auto/DSC08229_JPG.jpg]
[static.wixstatic.com/media/af7c14_e20915c493b34f23a0977d705de226d2_mv2.jpg/v1/fill/w_600,h_336,al_c,q_80,usm_0.66_1.00_0.01,enc_auto/DSC08230_JPG.jpg]
[static.wixstatic.com/media/af7c14_61e66c9890d74d6f9b736a21cbc342ed_mv2.jpg/v1/fill/w_600,h_337,al_c,q_80,usm_0.66_1.00_0.01,enc_auto/af7c14_61e66c9890d74d6f9b736a21cbc342ed_mv2.jpg]
[static.wixstatic.com/media/af7c14_8c9c5c25adcb4b598f83bc2ee0d291cf_mv2.jpg/v1/fill/w_396,h_223,al_c,q_80,usm_0.66_1.00_0.01,enc_auto/af7c14_8c9c5c25adcb4b598f83bc2ee0d291cf_mv2.jpg]
[www.ridgebotics.com/2020-infinte-recharge.html]
[static.wixstatic.com/media/af7c14_f6c589aa652d46f599a634b8a43f938b_mv2.jpg/v1/fill/w_600,h_450,al_c,q_80,usm_0.66_1.00_0.01,enc_auto/af7c14_f6c589aa652d46f599a634b8a43f938b_mv2.jpg]
[static.wixstatic.com/media/af7c14_8636e109833648b4825b40c93f3fb393_mv2.jpg/v1/fill/w_600,h_450,al_c,q_80,usm_0.66_1.00_0.01,enc_auto/af7c14_8636e109833648b4825b40c93f3fb393_mv2.jpg]
[static.wixstatic.com/media/af7c14_d9f4927c7ca94a2e963d1e329793035d_mv2.jpg/v1/fill/w_450,h_600,al_c,q_80,usm_0.66_1.00_0.01,enc_auto/af7c14_d9f4927c7ca94a2e963d1e329793035d_mv2.jpg]
[static.wixstatic.com/media/af7c14_2b79a7c533414fa7bb0536933746f1f4_mv2.jpg/v1/fill/w_600,h_600,al_c,q_80,usm_0.66_1.00_0.01,enc_auto/af7c14_2b79a7c533414fa7bb0536933746f1f4_mv2.jpg]
[static.wixstatic.com/media/af7c14_b07420dd06634604b0a01b3327b8d8fb_mv2.jpg/v1/fill/w_108,h_81,al_c,q_80,usm_0.66_1.00_0.01,blur_2,enc_auto/af7c14_b07420dd06634604b0a01b3327b8d8fb_mv2.jpg]
[www.ridgebotics.com/2019-deep-space.html]
[www.ridgebotics.com/media/emptystate.85a4add5.90.delayed]
[static.parastorage.com/services/pro-gallery-tpa/1.54.0/WixProGalleryViewerWidget.min.css]
[static.wixstatic.com/media/af7c14_32988544883c4b29a35394669749e0a3_mv2_d_4032_3024_s_4_2.jpg/v1/fill/w_258,h_194,q_90/af7c14_32988544883c4b29a35394669749e0a3_mv2_d_4032_3024_s_4_2.jpg]
[static.wixstatic.com/media/af7c14_cc723266ccae47ca9e9720ee4fabe020_mv2_d_4032_3024_s_4_2.jpg/v1/fill/w_259,h_194,q_90/af7c14_cc723266ccae47ca9e9720ee4fabe020_mv2_d_4032_3024_s_4_2.jpg]
[static.wixstatic.com/media/af7c14_b027eb8ea06b41908fd5f1a438b96cb7_mv2_d_4032_3024_s_4_2.jpg/v1/fill/w_527,h_395,q_90/af7c14_b027eb8ea06b41908fd5f1a438b96cb7_mv2_d_4032_3024_s_4_2.jpg]
[static.wixstatic.com/media/af7c14_ff0b83e6c752455f895df53db816a307_mv2_d_6000_4000_s_4_2.jpg/v1/fill/w_443,h_294,q_90/af7c14_ff0b83e6c752455f895df53db816a307_mv2_d_6000_4000_s_4_2.jpg]
[static.wixstatic.com/media/af7c14_3181a4677f3d47d5ab833f3226167a3a_mv2_d_6000_4000_s_4_2.jpg/v1/fill/w_443,h_295,q_90/af7c14_3181a4677f3d47d5ab833f3226167a3a_mv2_d_6000_4000_s_4_2.jpg]
[static.wixstatic.com/media/af7c14_49ed4480f87042258c2f06407efab3e6_mv2_d_6000_4000_s_4_2.jpg/v1/fill/w_317,h_212,q_90/af7c14_49ed4480f87042258c2f06407efab3e6_mv2_d_6000_4000_s_4_2.jpg]
[static.wixstatic.com/media/af7c14_ff9e1fe0c5424392a7eeb64a415a67bd_mv2_d_6000_4000_s_4_2.jpg/v1/fill/w_317,h_211,q_90/af7c14_ff9e1fe0c5424392a7eeb64a415a67bd_mv2_d_6000_4000_s_4_2.jpg]
[static.wixstatic.com/media/af7c14_8f5a4aa5a37c44efac3a602a825995fe_mv2_d_5184_3456_s_4_2.jpg/v1/fill/w_653,h_433,q_90/af7c14_8f5a4aa5a37c44efac3a602a825995fe_mv2_d_5184_3456_s_4_2.jpg]
[www.ridgebotics.com/2018powerup.html]
[static.wixstatic.com/media/af7c14_c0910638668c4aaab73a2f738e86d31a_mv2_d_6000_4000_s_4_2.jpg/v1/fill/w_285,h_190,q_90/af7c14_c0910638668c4aaab73a2f738e86d31a_mv2_d_6000_4000_s_4_2.jpg]
[static.wixstatic.com/media/af7c14_cb7c19d9a85d4718bb97394f93943930_mv2_d_6000_4000_s_4_2.jpg/v1/fill/w_285,h_190,q_90/af7c14_cb7c19d9a85d4718bb97394f93943930_mv2_d_6000_4000_s_4_2.jpg]
[static.wixstatic.com/media/af7c14_7d0e1e38b8e54e2e845ba3dc81ef0af7_mv2_d_6000_3376_s_4_2.jpg/v1/fill/w_580,h_326,q_90/af7c14_7d0e1e38b8e54e2e845ba3dc81ef0af7_mv2_d_6000_3376_s_4_2.jpg]
[static.wixstatic.com/media/af7c14_9965e25b902d420d9841b8871ffb015c_mv2_d_6000_4000_s_4_2.jpg/v1/fill/w_390,h_258,q_90/af7c14_9965e25b902d420d9841b8871ffb015c_mv2_d_6000_4000_s_4_2.jpg]
[static.wixstatic.com/media/af7c14_aba885c9a01c4cccbe99c3120b00509e_mv2_d_6000_4000_s_4_2.jpg/v1/fill/w_390,h_258,q_90/af7c14_aba885c9a01c4cccbe99c3120b00509e_mv2_d_6000_4000_s_4_2.jpg]
[static.wixstatic.com/media/af7c14_7287fb748c584d23ae25f92e5e489a4c_mv2_d_6000_3376_s_4_2.jpg/v1/fill/w_426,h_239,q_90/af7c14_7287fb748c584d23ae25f92e5e489a4c_mv2_d_6000_3376_s_4_2.jpg]
[static.wixstatic.com/media/af7c14_bcf7377eed384fee9c19f830c7dd27af_mv2_d_6000_4000_s_4_2.jpg/v1/fill/w_426,h_284,q_90/af7c14_bcf7377eed384fee9c19f830c7dd27af_mv2_d_6000_4000_s_4_2.jpg]
[static.wixstatic.com/media/af7c14_d4e74940612c4033857b8cd0ba847bce_mv2_d_6000_4000_s_4_2.jpg/v1/fill/w_544,h_361,q_90/af7c14_d4e74940612c4033857b8cd0ba847bce_mv2_d_6000_4000_s_4_2.jpg]
[static.wixstatic.com/media/af7c14_5a31dee0e4624eb39ed063f173bcdf3d_mv2_d_6000_4000_s_4_2.jpg/v1/fill/w_246,h_162,q_90/af7c14_5a31dee0e4624eb39ed063f173bcdf3d_mv2_d_6000_4000_s_4_2.jpg]
[static.wixstatic.com/media/af7c14_1d946cbe92e04208bb65ae1ec9ba86cc_mv2_d_6000_3376_s_4_2.jpg/v1/fill/w_288,h_162,q_90/af7c14_1d946cbe92e04208bb65ae1ec9ba86cc_mv2_d_6000_3376_s_4_2.jpg]
[static.wixstatic.com/media/af7c14_81b74f744fde4d97a193981ea12b3386_mv2_d_6000_4000_s_4_2.jpg/v1/fill/w_476,h_318,q_90/af7c14_81b74f744fde4d97a193981ea12b3386_mv2_d_6000_4000_s_4_2.jpg]
[static.wixstatic.com/media/af7c14_5566245668df4f03bcc29e52cd5ec753_mv2_d_6000_4000_s_4_2.jpg/v1/fill/w_233,h_155,q_90/af7c14_5566245668df4f03bcc29e52cd5ec753_mv2_d_6000_4000_s_4_2.jpg]
[static.wixstatic.com/media/af7c14_27bfd89d469a490c9dc0dc471245aa16_mv2_d_6000_4000_s_4_2.jpg/v1/fill/w_233,h_155,q_90/af7c14_27bfd89d469a490c9dc0dc471245aa16_mv2_d_6000_4000_s_4_2.jpg]
[static.wixstatic.com/media/af7c14_6e24ac2e45f84f0588a7b82a78700aeb_mv2_d_6000_3376_s_4_2.jpg/v1/fill/w_264,h_146,q_90/af7c14_6e24ac2e45f84f0588a7b82a78700aeb_mv2_d_6000_3376_s_4_2.jpg]
[static.wixstatic.com/media/af7c14_47c5d0cf41f546c2a8244f58a1e1f970_mv2_d_6000_4000_s_4_2.jpg/v1/fill/w_220,h_146,q_90/af7c14_47c5d0cf41f546c2a8244f58a1e1f970_mv2_d_6000_4000_s_4_2.jpg]
[static.wixstatic.com/media/af7c14_d22a56191102460284225cda1131d171_mv2_d_6000_4000_s_4_2.jpg/v1/fill/w_494,h_327,q_90/af7c14_d22a56191102460284225cda1131d171_mv2_d_6000_4000_s_4_2.jpg]
[static.wixstatic.com/media/af7c14_85c77952b674446696484632b86b351c_mv2_d_6000_4000_s_4_2.jpg/v1/fill/w_273,h_182,q_90/af7c14_85c77952b674446696484632b86b351c_mv2_d_6000_4000_s_4_2.jpg]
[static.wixstatic.com/media/af7c14_3acc10e9976d44b2a25cbc30e4200a83_mv2_d_6000_4000_s_4_2.jpg/v1/fill/w_272,h_182,q_90/af7c14_3acc10e9976d44b2a25cbc30e4200a83_mv2_d_6000_4000_s_4_2.jpg]
[static.wixstatic.com/media/af7c14_1f163b52b07c4a1882e635f6d1dc09b5_mv2_d_6000_4000_s_4_2.jpg/v1/fill/w_555,h_369,q_90/af7c14_1f163b52b07c4a1882e635f6d1dc09b5_mv2_d_6000_4000_s_4_2.jpg]
[static.wixstatic.com/media/af7c14_66cbfec524e54dd69a0c07d04c2bd6f3_mv2_d_6000_4000_s_4_2.jpg/v1/fill/w_416,h_275,q_90/af7c14_66cbfec524e54dd69a0c07d04c2bd6f3_mv2_d_6000_4000_s_4_2.jpg]
[static.wixstatic.com/media/af7c14_0a98b3d22ac04607861ddea7cfade32e_mv2_d_6000_4000_s_4_2.jpg/v1/fill/w_416,h_276,q_90/af7c14_0a98b3d22ac04607861ddea7cfade32e_mv2_d_6000_4000_s_4_2.jpg]
[static.wixstatic.com/media/af7c14_4c1a8b88d88648da803cba4b728036de_mv2_d_6000_4000_s_4_2.jpg/v1/fill/w_485,h_324,q_90/af7c14_4c1a8b88d88648da803cba4b728036de_mv2_d_6000_4000_s_4_2.jpg]
[static.wixstatic.com/media/af7c14_5cb38f3527e9460b896548d06db21bb5_mv2_d_6000_4000_s_4_2.jpg/v1/fill/w_485,h_323,q_90/af7c14_5cb38f3527e9460b896548d06db21bb5_mv2_d_6000_4000_s_4_2.jpg]
[static.wixstatic.com/media/af7c14_222623ffd8f3464ba26b6b005250b04b_mv2_d_6000_4000_s_4_2.jpg/v1/fill/w_485,h_324,q_90/af7c14_222623ffd8f3464ba26b6b005250b04b_mv2_d_6000_4000_s_4_2.jpg]
[static.wixstatic.com/media/af7c14_bc91814a4f2e41aeb15d222dbe90aeb2_mv2_d_6000_4000_s_4_2.jpg/v1/fill/w_485,h_323,q_90/af7c14_bc91814a4f2e41aeb15d222dbe90aeb2_mv2_d_6000_4000_s_4_2.jpg]
[www.ridgebotics.com/2017steamworks.html]
[www.ridgebotics.com/2016stronghold.html]
[www.ridgebotics.com/2015recyclerush.html]
[www.ridgebotics.com/2014aerialassist.html]
[static.wixstatic.com/media/af7c14_f14754bf31994a019c22eeb97c36d714.jpg/v1/fill/w_683,h_455,al_c,q_80,usm_0.66_1.00_0.01,enc_auto/af7c14_f14754bf31994a019c22eeb97c36d714.jpg]
[www.ridgebotics.com/2013-ultimate-ascent.html]
[static.wixstatic.com/media/af7c14_6d80f448aa17459ab03dc164a5cd855c.png/v1/fill/w_249,h_250,al_c,lg_1,q_85,enc_auto/af7c14_6d80f448aa17459ab03dc164a5cd855c.png]
[static.wixstatic.com/media/af7c14_9d9a645be3714d6282e884f154617553.png/v1/fill/w_250,h_249,al_c,lg_1,q_85,enc_auto/af7c14_9d9a645be3714d6282e884f154617553.png]
[static.wixstatic.com/media/af7c14_46638666c6e043dd9e25da388a3a8bdf.png/v1/fill/w_249,h_249,al_c,lg_1,q_85,enc_auto/af7c14_46638666c6e043dd9e25da388a3a8bdf.png]
[static.wixstatic.com/media/af7c14_ad06bb8e56d147278139e72cf48706c8.png/v1/fill/w_249,h_249,al_c,lg_1,q_85,enc_auto/af7c14_ad06bb8e56d147278139e72cf48706c8.png]
[www.ridgebotics.com/2012reboundrumble.html]
[www.ridgebotics.com/competitionvideos.html]
[static.wixstatic.com/media/af7c14_23228033be314f6fa83c06b75a28b035_mv2.jpg/v1/fill/w_21,h_27,al_c,q_80,usm_0.66_1.00_0.01,blur_2,enc_auto/af7c14_23228033be314f6fa83c06b75a28b035_mv2.jpg]
[static.wixstatic.com/media/af7c14_13651b20beaf41e785725803736ddf1a_mv2.jpg/v1/fill/w_49,h_27,al_c,q_80,usm_0.66_1.00_0.01,blur_2,enc_auto/af7c14_13651b20beaf41e785725803736ddf1a_mv2.jpg]
[static.wixstatic.com/media/af7c14_8f5a4aa5a37c44efac3a602a825995fe_mv2_d_5/v1/fill/w_41,h_27,al_c,q_80,usm_0.66_1.00_0.01,blur_2,e/af7c14_8f5a4aa5a37c44efac3a602a825995fe_mv2_d_5184_3456_s_4_2.jpg]
[static.wixstatic.com/media/af7c14_6d4726024b364a95bb8a6ddaf06757e7_mv2_d_3/v1/fill/w_21,h_27,al_c,q_80,usm_0.66_1.00_0.01,blur_2,e/af7c14_6d4726024b364a95bb8a6ddaf06757e7_mv2_d_3024_4032_s_4_2.jpg]
[static.wixstatic.com/media/af7c14_e8034fa7a82d40ea95248186f5fdc512_mv2_d_6/v1/fill/w_49,h_27,al_c,q_80,usm_0.66_1.00_0.01,blur_2,e/af7c14_e8034fa7a82d40ea95248186f5fdc512_mv2_d_6000_3376_s_4_2.jpg]
[static.wixstatic.com/media/af7c14_8058666c2ab34a99b716385292fff4ba_mv2_d_6/v1/fill/w_56,h_31,al_c,q_80,usm_0.66_1.00_0.01,blur_2,e/af7c14_8058666c2ab34a99b716385292fff4ba_mv2_d_6000_3376_s_4_2.jpg]
[static.wixstatic.com/media/af7c14_fe1805be89f4487a81c6bc5ef948c357_mv2_d_6/v1/fill/w_39,h_26,al_c,q_80,usm_0.66_1.00_0.01,blur_2,e/af7c14_fe1805be89f4487a81c6bc5ef948c357_mv2_d_6000_4000_s_4_2.jpg]
[static.wixstatic.com/media/af7c14_7d0accf1a6814740a61ff8c3a72cac6a_mv2_d_5/v1/fill/w_47,h_31,al_c,q_80,usm_0.66_1.00_0.01,blur_2,e/af7c14_7d0accf1a6814740a61ff8c3a72cac6a_mv2_d_5184_3456_s_4_2.jpg]
[static.wixstatic.com/media/af7c14_b22eb4e499fe4721b4c8624de739ec2d_mv2_d_6/v1/fill/w_41,h_27,al_c,q_80,usm_0.66_1.00_0.01,blur_2,e/af7c14_b22eb4e499fe4721b4c8624de739ec2d_mv2_d_6000_4000_s_4_2.jpg]
[static.wixstatic.com/media/af7c14_82c859ef3adc4caf9036444790410aff_mv2_d_6/v1/fill/w_41,h_27,al_c,q_80,usm_0.66_1.00_0.01,blur_2,e/af7c14_82c859ef3adc4caf9036444790410aff_mv2_d_6000_4000_s_4_2.jpg]
[static.wixstatic.com/media/af7c14_59696865bf9a4dfaa51abfe4e90fabff_mv2_d_2/v1/fill/w_41,h_27,al_c,q_80,usm_0.66_1.00_0.01,blur_2,e/af7c14_59696865bf9a4dfaa51abfe4e90fabff_mv2_d_2048_1365_s_2.jpg]
[static.wixstatic.com/media/af7c14_fb95150ded13480ba2bc75bf34e3cabd_mv2.png/v1/fill/w_14,h_9,al_c,q_85,usm_0.66_1.00_0.01,blur_2,enc_auto/af7c14_fb95150ded13480ba2bc75bf34e3cabd_mv2.png]
[www.ridgebotics.com/activity-log.html]
[www.ridgebotics.com/calendar.html]
[static.wixstatic.com/media/af7c14_53a19fea7aa84deaa420dcebe4acb95e_mv2.png/v1/fill/w_395,h_73,al_c,lg_1,q_85,enc_auto/muller_logo_col_rz_190816.png]
[static.wixstatic.com/media/af7c14_92bbac7251d4470d934fb5984ee25e9f_mv2.jpg/v1/fill/w_272,h_111,al_c,q_80,usm_0.66_1.00_0.01,enc_auto/af7c14_92bbac7251d4470d934fb5984ee25e9f_mv2.jpg]
[static.wixstatic.com/media/af7c14_df04ec4355f049a9a49b38a9de6eff7d.jpg/v1/fill/w_270,h_153,al_c,q_80,usm_0.66_1.00_0.01,enc_auto/af7c14_df04ec4355f049a9a49b38a9de6eff7d.jpg]
[static.wixstatic.com/media/af7c14_4b4a8ebae7944746aa9569ca998f5510_mv2.jpg/v1/fill/w_204,h_204,al_c,q_80,usm_0.66_1.00_0.01,enc_auto/allstate.jpg]
[static.wixstatic.com/media/af7c14_1ec2c20da29d4f21b205acc6c5225834.png/v1/fill/w_246,h_96,al_c,q_85,usm_0.66_1.00_0.01,enc_auto/af7c14_1ec2c20da29d4f21b205acc6c5225834.png]
[static.wixstatic.com/media/af7c14_79313d7aea3b4981bd5f0bf0105cc7b1_mv2.jpg/v1/fill/w_339,h_132,al_c,q_80,usm_0.66_1.00_0.01,enc_auto/Generac_Logo_COLOR_2020.jpg]
[static.wixstatic.com/media/af7c14_79bf64525eb448e2b3f8c03d034062d5_mv2.png/v1/crop/x_0,y_53,w_200,h_77/fill/w_279,h_108,al_c,lg_1,q_85,enc_auto/af7c14_79bf64525eb448e2b3f8c03d034062d5_mv2.png]
[static.wixstatic.com/media/af7c14_9adb760df2c748d88e7d7b631134cb2b_mv2.png/v1/fill/w_288,h_122,al_c,q_85,usm_0.66_1.00_0.01,enc_auto/liwj-logo-2.png]
[static.wixstatic.com/media/af7c14_842947029f9a489987b227fb21ea41e6_mv2.png/v1/fill/w_337,h_87,al_c,lg_1,q_85,enc_auto/AWW_FINAL2_NoTAG-300x77.png]
[static.wixstatic.com/media/af7c14_5a4436cad146426888d2be9266e841d3_mv2.jpg/v1/fill/w_83,h_100,al_c,q_80,usm_0.66_1.00_0.01,blur_3,enc_auto/af7c14_5a4436cad146426888d2be9266e841d3_mv2.jpg]
[static.wixstatic.com/media/af7c14_9e53d45bf8b04769aa8b85e546428f8e.jpg/v1/fill/w_50,h_17,al_c,q_80,usm_0.66_1.00_0.01,blur_2,enc_auto/af7c14_9e53d45bf8b04769aa8b85e546428f8e.jpg]
[static.wixstatic.com/media/af7c14_0c9266a98d6d4a9db2b1b1157c2ae1e6.jpg/v1/fill/w_129,h_87,al_c,q_80,usm_0.66_1.00_0.01,blur_3,enc_auto/af7c14_0c9266a98d6d4a9db2b1b1157c2ae1e6.jpg]
[static.wixstatic.com/media/af7c14_722dbb040ecd46fea0ff4b8b0c37f00e.jpg/v1/fill/w_127,h_67,al_c,q_80,usm_0.66_1.00_0.01,blur_3,enc_auto/af7c14_722dbb040ecd46fea0ff4b8b0c37f00e.jpg]
[static.wixstatic.com/media/af7c14_3fb3f5a4430a48eb927fe25a3593ba20.png/v1/fill/w_152,h_75,al_c,q_85,usm_0.66_1.00_0.01,blur_3,enc_auto/af7c14_3fb3f5a4430a48eb927fe25a3593ba20.png]
[static.wixstatic.com/media/af7c14_da778910c19b4237a0bd35cec502f8b8.jpg/v1/fill/w_168,h_90,al_c,q_80,usm_0.66_1.00_0.01,blur_3,enc_auto/af7c14_da778910c19b4237a0bd35cec502f8b8.jpg]
[static.wixstatic.com/media/af7c14_4f78bec6975141babde0d7720db49ba7.png/v1/fill/w_117,h_117,al_c,q_85,usm_0.66_1.00_0.01,blur_3,enc_auto/af7c14_4f78bec6975141babde0d7720db49ba7.png]
[static.wixstatic.com/media/af7c14_ebc3ab18131d43b7a888b3c0b9d2a70e.jpg/v1/fill/w_168,h_49,al_c,q_80,usm_0.66_1.00_0.01,blur_3,enc_auto/af7c14_ebc3ab18131d43b7a888b3c0b9d2a70e.jpg]
[static.wixstatic.com/media/af7c14_4ad4802dd3bd43cfa5d995a2d3916fbe.jpg/v1/fill/w_88,h_98,al_c,q_80,usm_0.66_1.00_0.01,blur_3,enc_auto/af7c14_4ad4802dd3bd43cfa5d995a2d3916fbe.jpg]
[static.wixstatic.com/media/af7c14_0aee160ce0cb4526905940f7e249060f.jpg/v1/fill/w_117,h_72,al_c,q_80,usm_0.66_1.00_0.01,blur_3,enc_auto/af7c14_0aee160ce0cb4526905940f7e249060f.jpg]
[static.wixstatic.com/media/af7c14_ab0d4f043ee748a1b3c2786ed48139a6.jpg/v1/fill/w_148,h_71,al_c,q_80,usm_0.66_1.00_0.01,blur_3,enc_auto/af7c14_ab0d4f043ee748a1b3c2786ed48139a6.jpg]
[static.wixstatic.com/media/af7c14_9de396bd5612479096896f8cf6e4d914.png/v1/fill/w_107,h_107,al_c,q_85,usm_0.66_1.00_0.01,blur_3,enc_auto/af7c14_9de396bd5612479096896f8cf6e4d914.png]
[static.wixstatic.com/media/af7c14_cf3e76eeec634f54b3e0f8b3149f48ec.png/v1/fill/w_137,h_86,al_c,q_85,usm_0.66_1.00_0.01,blur_3,enc_auto/af7c14_cf3e76eeec634f54b3e0f8b3149f48ec.png]
[static.wixstatic.com/media/af7c14_ca5a21fb3131468686bcb7a4ec605b16.png/v1/fill/w_173,h_83,al_c,q_85,usm_0.66_1.00_0.01,blur_3,enc_auto/af7c14_ca5a21fb3131468686bcb7a4ec605b16.png]
[static.wixstatic.com/media/af7c14_df04ec4355f049a9a49b38a9de6eff7d.jpg/v1/fill/w_84,h_63,al_c,q_80,usm_0.66_1.00_0.01,blur_2,enc_auto/af7c14_df04ec4355f049a9a49b38a9de6eff7d.jpg]
[www.ridgebotics.com/sponsors.html]
[www.ridgebotics.com/board.html]
[static.parastorage.com/services/wix-thunderbolt/dist/main.b37890d8.bundle.min.js]
[static.wixstatic.com/media/af7c14_d4f7a0913f624048b2ea69f71d2187b8_mv2.jpg/v1/fill/w_588,h_280,al_c,q_80,usm_0.66_1.00_0.01,enc_auto/Team Picture 2019.jpg]
[www.ridgebotics.com/contactus.html]
[polyfill.io/v3/polyfill.mind82c.js]
[www.ridgebotics.com/decodeURIComponent(e.html]
[www.ridgebotics.com/feed.html]
[static.parastorage.com/services/third-party/fonts/user-site-fonts/fonts/05ad458f-263b-413f-b054-6001a987ff3e.svg]
[static.wixstatic.com/media/af7c14_c327863827cc47fcb06085c87b2875cd.png/v1/fill/w_130,h_130,al_c,q_85,usm_0.66_1.00_0.01,enc_auto/af7c14_c327863827cc47fcb06085c87b2875cd.png]
[static.parastorage.com/services/third-party/fonts/user-site-fonts/fonts/92c941ea-2b06-4b72-9165-17476d424d6c.svg]
[static.wixstatic.com/media/af7c14_f4709061ce5946af8cd4f1b8339184bf_mv2.png/v1/fill/w_199,h_175,al_c,q_85,usm_0.66_1.00_0.01,enc_auto/af7c14_f4709061ce5946af8cd4f1b8339184bf_mv2.png]
[static.parastorage.com/services/third-party/fonts/user-site-fonts/fonts/d1b1e866-a411-42ba-8f75-72bf28e23694.svg]
[static.parastorage.com/services/third-party/fonts/user-site-fonts/fonts/9f774d17-c03a-418e-a375-34f3beecbc7a.svg]
[static.parastorage.com/services/third-party/fonts/user-site-fonts/fonts/58ae9be9-5d95-44b6-8b6c-e6da6a46822c.svg]
[static.wixstatic.com/media/af7c14_f33d3d357d9d4bbfa024a86607cb6008_mv2.jpg/v1/crop/x_0,y_205,w_3000,h_1301/fill/w_286,h_124,al_c,q_80,usm_0.66_1.00_0.01,enc_auto/TeamPic2020_edited.jpg]
[static.wixstatic.com/media/af7c14_6c4de80de28a4438a8a9cb52fe660ac9_mv2.png/v1/fill/w_466,h_301,al_c,q_85,usm_0.66_1.00_0.01,enc_auto/ROBOOSFX_upscaled_illustration_x4.png]
[static.wixstatic.com/media/af7c14_3cf7cf473b2e4499aa8567f15db19e13_mv2.png/v1/fill/w_588,h_80,al_c,lg_1,q_85,enc_auto/Untitled-1.png]
[static.wixstatic.com/media/af7c14_f33d3d357d9d4bbfa024a86607cb6008_mv2.jpg/v1/fill/w_626,h_292,al_c,q_80,usm_0.66_1.00_0.01,enc_auto/TeamPic2020_edited.jpg]
[static.wixstatic.com/media/af7c14_61e66c9890d74d6f9b736a21cbc342ed_mv2.jpg/v1/fill/w_305,h_171,al_c,q_80,usm_0.66_1.00_0.01,enc_auto/af7c14_61e66c9890d74d6f9b736a21cbc342ed_mv2.jpg]
[static.wixstatic.com/media/af7c14_8379308dc2c145dabc7c5cf4fcda0832_mv2_d_6/v1/crop/x_40,y_362,w_5940,h_3518/fill/w_74,h_44,al_c,q_80,usm_0.66_1.00_0.01,blur_2,e/af7c14_8379308dc2c145dabc7c5cf4fcda0832_mv2_d_6]
[static.wixstatic.com/media/af7c14_6f41e0b7ada64649b2b539241d39f1a3_mv2_d_6/v1/crop/x_15,y_0,w_5105,h_3376/fill/w_76,h_50,al_c,q_80,usm_0.66_1.00_0.01,blur_2,e/af7c14_6f41e0b7ada64649b2b539241d39f1a3_mv2_d_600]
[static.wixstatic.com/media/af7c14_a9e950c1ea044cd59c930edae9fe0272_mv2_d_6/v1/crop/x_33,y_0,w_5083,h_3376/fill/w_76,h_51,al_c,q_80,usm_0.66_1.00_0.01,blur_2,e/af7c14_a9e950c1ea044cd59c930edae9fe0272_mv2_d_600]
[static.wixstatic.com/media/af7c14_3e4e3da8cbd5495fa2ccdeeef964c1a3_mv2_d_6/v1/crop/x_1106,y_618,w_4829,h_3333/fill/w_74,h_51,al_c,q_80,usm_0.66_1.00_0.01,blur_2,e/af7c14_3e4e3da8cbd5495fa2ccdeeef964c1a3_mv2_d]
[static.wixstatic.com/media/af7c14_6e1fc165e355442f8b188c0668eeec39_mv2_d_6/v1/crop/x_260,y_380,w_3890,h_2470/fill/w_95,h_60,al_c,q_80,usm_0.66_1.00_0.01,blur_2,e/af7c14_6e1fc165e355442f8b188c0668eeec39_mv2_d_]
[static.wixstatic.com/media/af7c14_d6a7c1c8f6de4fdea13c13ae365e001e_mv2_d_5/v1/crop/x_543,y_502,w_3992,h_3092/fill/w_74,h_57,al_c,q_80,usm_0.66_1.00_0.01,blur_2,e/af7c14_d6a7c1c8f6de4fdea13c13ae365e001e_mv2_d_]
[static.wixstatic.com/media/af7c14_4f3ef43b85da4a2eabf55523c30da6de_mv2_d_6/v1/crop/x_1616,y_273,w_2556,h_2434/fill/w_63,h_60,al_c,q_80,usm_0.66_1.00_0.01,blur_2,e/af7c14_4f3ef43b85da4a2eabf55523c30da6de_mv2_d]
[static.wixstatic.com/media/af7c14_9742f29f55164cc3b3f9314268825517_mv2_d_5/v1/crop/x_0,y_360,w_5458,h_3273/fill/w_95,h_57,al_c,q_80,usm_0.66_1.00_0.01,blur_2,e/af7c14_9742f29f55164cc3b3f9314268825517_mv2_d_54]
[static.wixstatic.com/media/af7c14_27251f4677784f999377dfe0641631ca_mv2_d_6/v1/crop/x_1270,y_571,w_2656,h_2402/fill/w_62,h_57,al_c,q_80,usm_0.66_1.00_0.01,blur_2,e/af7c14_27251f4677784f999377dfe0641631ca_mv2_d]
[static.wixstatic.com/media/af7c14_abff9800e6e54bf4aba2453cd7771f16_mv2_d_4/v1/crop/x_0,y_881,w_3610,h_5099/fill/w_176,h_249,al_c,q_80,usm_0.66_1.00_0.01,blur_3/af7c14_abff9800e6e54bf4aba2453cd7771f16_mv2_d_40]
[static.wixstatic.com/media/af7c14_abb7c054d34d4c14b2cdc519ce4bc3d0_mv2_d_6/v1/crop/x_921,y_529,w_2831,h_3376/fill/w_52,h_62,al_c,q_80,usm_0.66_1.00_0.01,blur_2,e/af7c14_abb7c054d34d4c14b2cdc519ce4bc3d0_mv2_d_]
[static.wixstatic.com/media/af7c14_fd2e587f5bcf4fb88bab31a2514a7f97_mv2_d_3/v1/crop/x_165,y_928,w_3010,h_3183/fill/w_64,h_68,al_c,q_80,usm_0.66_1.00_0.01,blur_2,e/af7c14_fd2e587f5bcf4fb88bab31a2514a7f97_mv2_d_]
[static.wixstatic.com/media/af7c14_a5750200dbc14a8ca22cfe508193d505_mv2.jpg/v1/crop/x_339,y_0,w_3245,h_2615/fill/w_273,h_220,al_c,q_80,usm_0.66_1.00_0.01,enc_auto/DSC_00008.jpg]
[static.wixstatic.com/media/af7c14_af4b37f8bc2a43198c8c4c1aab92ae35.jpg/v1/crop/x_381,y_327,w_497,h_847/fill/w_146,h_249,al_c,q_80,usm_0.66_1.00_0.01,blur_3/af7c14_af4b37f8bc2a43198c8c4c1aab92ae35.jpg]
[static.wixstatic.com/media/af7c14_ad06bb8e56d147278139e72cf48706c8.png/v1/fill/w_70,h_70,al_c,q_85,usm_0.66_1.00_0.01,blur_2,enc_auto/af7c14_ad06bb8e56d147278139e72cf48706c8.png]
[static.wixstatic.com/media/af7c14_d399dbd6a5a24ff3820156bb4c32f891_mv2.jpg/v1/fill/w_127,h_190,al_c,q_80,usm_0.66_1.00_0.01,enc_auto/IMG_5394_JPG.jpg]
[static.wixstatic.com/media/af7c14_ed292b06a19b48a3a6458490e5762b57_mv2.jpg/v1/crop/x_167,y_476,w_962,h_1436/fill/w_127,h_190,al_c,q_80,usm_0.66_1.00_0.01,enc_auto/IMG_5435_JPG.jpg]
[static.wixstatic.com/media/af7c14_a86e9d59c30f417fa7534705d84a1203_mv2.jpg/v1/fill/w_127,h_190,al_c,q_80,usm_0.66_1.00_0.01,enc_auto/af7c14_a86e9d59c30f417fa7534705d84a1203_mv2.jpg]
[static.wixstatic.com/media/af7c14_370e04c11d074ee080d4d4ac262842a2_mv2.png/v1/fill/w_133,h_135,al_c,q_85,usm_0.66_1.00_0.01,enc_auto/ok.png]
[static.wixstatic.com/media/af7c14_401fd4191b8741989933631c4fbebbdf_mv2.png/v1/fill/w_133,h_135,al_c,q_85,usm_0.66_1.00_0.01,enc_auto/af7c14_401fd4191b8741989933631c4fbebbdf_mv2.png]
[static.wixstatic.com/media/af7c14_841a74859b424f0b9dbe884a8970ee7f.png/v1/fill/w_134,h_135,al_c,q_85,usm_0.66_1.00_0.01,enc_auto/af7c14_841a74859b424f0b9dbe884a8970ee7f.png]
[static.wixstatic.com/media/af7c14_ecd9ad061e334b53a871370496510911_mv2.png/v1/fill/w_133,h_135,al_c,q_85,usm_0.66_1.00_0.01,enc_auto/deep space.png]
[static.wixstatic.com/media/af7c14_adaabf839d4f495f9e3da3ddc6a7eacd_mv2.jpg/v1/fill/w_135,h_135,al_c,q_80,usm_0.66_1.00_0.01,enc_auto/af7c14_adaabf839d4f495f9e3da3ddc6a7eacd_mv2.jpg]
[static.wixstatic.com/media/af7c14_f78b05a70d3e44dcbde81d77c17c2b73.jpg/v1/fill/w_134,h_135,al_c,q_80,usm_0.66_1.00_0.01,enc_auto/af7c14_f78b05a70d3e44dcbde81d77c17c2b73.jpg]
[static.wixstatic.com/media/af7c14_fb54394181ee40548e5177906f692170_mv2.png/v1/fill/w_134,h_135,al_c,q_85,usm_0.66_1.00_0.01,enc_auto/af7c14_fb54394181ee40548e5177906f692170_mv2.png]
[static.wixstatic.com/media/af7c14_0d9396b0a2eb404697ad4b4d47f56605_mv2.jpg/v1/crop/x_0,y_0,w_3926,h_2564/fill/w_401,h_262,al_c,q_80,usm_0.66_1.00_0.01,enc_au/af7c14_0d9396b0a2eb404697ad4b4d47f56605_mv2.85.del]
[static.wixstatic.com/media/af7c14_a6f7adfe5c1a48f8a509ff71995c594c_mv2.jpg/v1/crop/x_0,y_762,w_2448,h_2502/fill/w_450,h_460,al_c,q_80,usm_0.66_1.00_0.01,enc_au/af7c14_a6f7adfe5c1a48f8a509ff71995c594c_mv2.8c.d]
[static.wixstatic.com/media/af7c14_706876641242421dad633908b5a28e13_mv2.jpg/v1/crop/x_0,y_805,w_2448,h_2459/fill/w_112,h_113,al_c,q_80,usm_0.66_1.00_0.01,blur_2/af7c14_706876641242421dad633908b5a28e13_mv2.8d.d]
[static.wixstatic.com/media/af7c14_967810649e164e8cae80d9147a2be536_mv2.jpg/v1/crop/x_0,y_506,w_2448,h_1643/fill/w_112,h_76,al_c,q_80,usm_0.66_1.00_0.01,blur_2,/af7c14_967810649e164e8cae80d9147a2be536_mv2.8e.d]
[static.wixstatic.com/media/af7c14_935403234875438dab12c635de8a631f_mv2.jpg/v1/fill/w_600,h_400,al_c,q_80,usm_0.66_1.00_0.01,enc_auto/IMG_5419_JPG.jpg]
[static.wixstatic.com/media/af7c14_f5a28ef962044df19a87415e70686eac_mv2.jpg/v1/fill/w_600,h_400,al_c,q_80,usm_0.66_1.00_0.01,enc_auto/DSC00851.jpg]
[static.parastorage.com/services/third-party/fonts/user-site-fonts/fonts/b0268c31-e450-4159-bfea-e0d20e2b5c0c.svg]
[static.wixstatic.com/media/af7c14_0f55d9b7d3344bb8bd6767a50e5579d1_mv2.jpg/v1/fill/w_600,h_400,al_c,q_80,usm_0.66_1.00_0.01,enc_auto/af7c14_0f55d9b7d3344bb8bd6767a50e5579d1_mv2.jpg]
[www.ridgebotics.com/media/emptystate.85a4add5.html]
[static.wixstatic.com/media/af7c14_32988544883c4b29a35394669749e0a3_mv2_d_4032_3024_s_4_2.jpg/v1/fill/w_258,h_194,q_90/af7c14_32988544883c4b29a35394669749e0a3_mv2_d_4032_3024_s_4_2.jpg]
[static.wixstatic.com/media/af7c14_cc723266ccae47ca9e9720ee4fabe020_mv2_d_4032_3024_s_4_2.jpg/v1/fill/w_259,h_194,q_90/af7c14_cc723266ccae47ca9e9720ee4fabe020_mv2_d_4032_3024_s_4_2.jpg]
[static.wixstatic.com/media/af7c14_b027eb8ea06b41908fd5f1a438b96cb7_mv2_d_4032_3024_s_4_2.jpg/v1/fill/w_527,h_395,q_90/af7c14_b027eb8ea06b41908fd5f1a438b96cb7_mv2_d_4032_3024_s_4_2.jpg]
[static.parastorage.com/services/pro-gallery-tpa/1.54.0/WixProGalleryViewerWidget.min.css]
[static.wixstatic.com/media/af7c14_ff0b83e6c752455f895df53db816a307_mv2_d_6000_4000_s_4_2.jpg/v1/fill/w_443,h_294,q_90/af7c14_ff0b83e6c752455f895df53db816a307_mv2_d_6000_4000_s_4_2.jpg]
[static.wixstatic.com/media/af7c14_3181a4677f3d47d5ab833f3226167a3a_mv2_d_6000_4000_s_4_2.jpg/v1/fill/w_443,h_295,q_90/af7c14_3181a4677f3d47d5ab833f3226167a3a_mv2_d_6000_4000_s_4_2.jpg]
[static.wixstatic.com/media/af7c14_53a19fea7aa84deaa420dcebe4acb95e_mv2.png/v1/fill/w_395,h_73,al_c,lg_1,q_85,enc_auto/muller_logo_col_rz_190816.png]
[static.wixstatic.com/media/af7c14_df04ec4355f049a9a49b38a9de6eff7d.jpg/v1/fill/w_270,h_153,al_c,q_80,usm_0.66_1.00_0.01,enc_auto/af7c14_df04ec4355f049a9a49b38a9de6eff7d.jpg]
[static.wixstatic.com/media/af7c14_4b4a8ebae7944746aa9569ca998f5510_mv2.jpg/v1/fill/w_204,h_204,al_c,q_80,usm_0.66_1.00_0.01,enc_auto/allstate.jpg]
[static.wixstatic.com/media/af7c14_842947029f9a489987b227fb21ea41e6_mv2.png/v1/fill/w_337,h_87,al_c,lg_1,q_85,enc_auto/AWW_FINAL2_NoTAG-300x77.png]
[static.wixstatic.com/media/af7c14_1ec2c20da29d4f21b205acc6c5225834.png/v1/fill/w_246,h_96,al_c,q_85,usm_0.66_1.00_0.01,enc_auto/af7c14_1ec2c20da29d4f21b205acc6c5225834.png]
[static.wixstatic.com/media/af7c14_9de396bd5612479096896f8cf6e4d914.png/v1/fill/w_107,h_107,al_c,q_85,usm_0.66_1.00_0.01,blur_3,enc_auto/af7c14_9de396bd5612479096896f8cf6e4d914.png]
[static.wixstatic.com/media/af7c14_79bf64525eb448e2b3f8c03d034062d5_mv2.png/v1/crop/x_0,y_53,w_200,h_77/fill/w_279,h_108,al_c,lg_1,q_85,enc_auto/af7c14_79bf64525eb448e2b3f8c03d034062d5_mv2.png]
[static.wixstatic.com/media/af7c14_9adb760df2c748d88e7d7b631134cb2b_mv2.png/v1/fill/w_288,h_122,al_c,q_85,usm_0.66_1.00_0.01,enc_auto/liwj-logo-2.png]
[static.wixstatic.com/media/af7c14_3fb3f5a4430a48eb927fe25a3593ba20.png/v1/fill/w_152,h_75,al_c,q_85,usm_0.66_1.00_0.01,blur_3,enc_auto/af7c14_3fb3f5a4430a48eb927fe25a3593ba20.png]
[static.wixstatic.com/media/af7c14_cf3e76eeec634f54b3e0f8b3149f48ec.png/v1/fill/w_137,h_86,al_c,q_85,usm_0.66_1.00_0.01,blur_3,enc_auto/af7c14_cf3e76eeec634f54b3e0f8b3149f48ec.png]
[static.parastorage.com/services/pro-gallery-tpa/1.54.0/media/emptystate.85a4add5.svg]
